0 verbose cli /usr/bin/node-20 /usr/bin/npm
1 info using npm@10.2.3
2 info using node@v20.10.0
3 timing npm:load:whichnode Completed in 7ms
4 timing config:load:defaults Completed in 1ms
5 timing config:load:file:/usr/lib/node_modules_20/npm/npmrc Completed in 37ms
6 timing config:load:builtin Completed in 37ms
7 timing config:load:cli Completed in 4ms
8 timing config:load:env Completed in 0ms
9 timing config:load:project Completed in 5ms
10 timing config:load:file:/home/srgubayjdullina/.npmrc Completed in 1ms
11 timing config:load:user Completed in 1ms
12 timing config:load:file:/etc/npmrc Completed in 1ms
13 timing config:load:global Completed in 1ms
14 timing config:load:setEnvs Completed in 1ms
15 timing config:load Completed in 53ms
16 timing npm:load:configload Completed in 54ms
17 timing config:load:flatten Completed in 3ms
18 timing npm:load:mkdirpcache Completed in 8ms
19 timing npm:load:mkdirplogs Completed in 1ms
20 verbose title npm install standard-changelog
21 verbose argv "install" "--global" "standard-changelog"
22 timing npm:load:setTitle Completed in 2ms
23 timing npm:load:display Completed in 4ms
24 verbose logfile logs-max:10 dir:/home/srgubayjdullina/.npm/_logs/2024-03-04T17_37_00_450Z-
25 verbose logfile /home/srgubayjdullina/.npm/_logs/2024-03-04T17_37_00_450Z-debug-0.log
26 timing npm:load:logFile Completed in 36ms
27 timing npm:load:timers Completed in 0ms
28 timing npm:load:configScope Completed in 0ms
29 timing npm:load Completed in 180ms
30 timing config:load:flatten Completed in 1ms
31 timing arborist:ctor Completed in 0ms
32 silly logfile done cleaning log files
33 timing idealTree:init Completed in 6ms
34 timing idealTree:userRequests Completed in 18ms
35 silly idealTree buildDeps
36 silly fetch manifest standard-changelog@*
37 http fetch GET 200 https://registry.npmjs.org/standard-changelog 1632ms (cache miss)
38 silly placeDep ROOT standard-changelog@5.0.0 OK for:  want: *
39 silly fetch manifest meow@^12.0.1
40 silly fetch manifest picocolors@^1.0.0
41 silly fetch manifest conventional-changelog-angular@^7.0.0
42 silly fetch manifest conventional-changelog-core@^7.0.0
43 http fetch GET 200 https://registry.npmjs.org/npm 2643ms (cache miss)
44 http fetch GET 200 https://registry.npmjs.org/picocolors 954ms (cache miss)
45 http fetch GET 200 https://registry.npmjs.org/conventional-changelog-angular 1146ms (cache miss)
46 http fetch GET 200 https://registry.npmjs.org/conventional-changelog-core 1149ms (cache miss)
47 http fetch GET 200 https://registry.npmjs.org/meow 1469ms (cache miss)
48 timing idealTree:#root Completed in 3117ms
49 silly placeDep node_modules/standard-changelog conventional-changelog-angular@7.0.0 OK for: standard-changelog@5.0.0 want: ^7.0.0
50 silly fetch manifest compare-func@^2.0.0
51 silly placeDep node_modules/standard-changelog conventional-changelog-core@7.0.0 OK for: standard-changelog@5.0.0 want: ^7.0.0
52 silly fetch manifest @hutson/parse-repository-url@^5.0.0
53 silly fetch manifest add-stream@^1.0.0
54 silly fetch manifest hosted-git-info@^7.0.0
55 silly fetch manifest normalize-package-data@^6.0.0
56 silly fetch manifest read-pkg@^8.0.0
57 silly fetch manifest read-pkg-up@^10.0.0
58 silly fetch manifest conventional-changelog-writer@^7.0.0
59 silly fetch manifest conventional-commits-parser@^5.0.0
60 silly fetch manifest git-raw-commits@^4.0.0
61 silly fetch manifest git-semver-tags@^7.0.0
62 silly placeDep node_modules/standard-changelog meow@12.1.1 OK for: standard-changelog@5.0.0 want: ^12.0.1
63 silly placeDep node_modules/standard-changelog picocolors@1.0.0 OK for: standard-changelog@5.0.0 want: ^1.0.0
64 http fetch GET 200 https://registry.npmjs.org/compare-func 544ms (cache miss)
65 http fetch GET 200 https://registry.npmjs.org/hosted-git-info 539ms (cache miss)
66 http fetch GET 200 https://registry.npmjs.org/add-stream 595ms (cache miss)
67 http fetch GET 200 https://registry.npmjs.org/@hutson%2fparse-repository-url 601ms (cache miss)
68 http fetch GET 200 https://registry.npmjs.org/read-pkg 594ms (cache miss)
69 http fetch GET 200 https://registry.npmjs.org/read-pkg-up 606ms (cache miss)
70 http fetch GET 200 https://registry.npmjs.org/git-semver-tags 622ms (cache miss)
71 http fetch GET 200 https://registry.npmjs.org/normalize-package-data 630ms (cache miss)
72 http fetch GET 200 https://registry.npmjs.org/git-raw-commits 627ms (cache miss)
73 http fetch GET 200 https://registry.npmjs.org/conventional-changelog-writer 636ms (cache miss)
74 http fetch GET 200 https://registry.npmjs.org/conventional-commits-parser 658ms (cache miss)
75 timing idealTree:node_modules/standard-changelog Completed in 702ms
76 silly placeDep node_modules/standard-changelog compare-func@2.0.0 OK for: conventional-changelog-angular@7.0.0 want: ^2.0.0
77 silly fetch manifest array-ify@^1.0.0
78 silly fetch manifest dot-prop@^5.1.0
79 http fetch GET 200 https://registry.npmjs.org/array-ify 84ms (cache miss)
80 http fetch GET 200 https://registry.npmjs.org/dot-prop 142ms (cache miss)
81 timing idealTree:node_modules/standard-changelog/node_modules/conventional-changelog-angular Completed in 162ms
82 silly placeDep node_modules/standard-changelog array-ify@1.0.0 OK for: compare-func@2.0.0 want: ^1.0.0
83 silly placeDep node_modules/standard-changelog dot-prop@5.3.0 OK for: compare-func@2.0.0 want: ^5.1.0
84 silly fetch manifest is-obj@^2.0.0
85 http fetch GET 200 https://registry.npmjs.org/is-obj 106ms (cache miss)
86 timing idealTree:node_modules/standard-changelog/node_modules/compare-func Completed in 110ms
87 timing idealTree:node_modules/standard-changelog/node_modules/array-ify Completed in 0ms
88 silly placeDep node_modules/standard-changelog @hutson/parse-repository-url@5.0.0 OK for: conventional-changelog-core@7.0.0 want: ^5.0.0
89 silly placeDep node_modules/standard-changelog add-stream@1.0.0 OK for: conventional-changelog-core@7.0.0 want: ^1.0.0
90 silly placeDep node_modules/standard-changelog conventional-changelog-writer@7.0.1 OK for: conventional-changelog-core@7.0.0 want: ^7.0.0
91 silly fetch manifest handlebars@^4.7.7
92 silly fetch manifest json-stringify-safe@^5.0.1
93 silly fetch manifest semver@^7.5.2
94 silly fetch manifest split2@^4.0.0
95 silly fetch manifest conventional-commits-filter@^4.0.0
96 silly placeDep node_modules/standard-changelog conventional-commits-parser@5.0.0 OK for: conventional-changelog-core@7.0.0 want: ^5.0.0
97 silly fetch manifest JSONStream@^1.3.5
98 silly fetch manifest is-text-path@^2.0.0
99 silly placeDep node_modules/standard-changelog git-raw-commits@4.0.0 OK for: conventional-changelog-core@7.0.0 want: ^4.0.0
100 silly fetch manifest dargs@^8.0.0
101 silly placeDep node_modules/standard-changelog git-semver-tags@7.0.1 OK for: conventional-changelog-core@7.0.0 want: ^7.0.0
102 silly placeDep node_modules/standard-changelog hosted-git-info@7.0.1 OK for: conventional-changelog-core@7.0.0 want: ^7.0.0
103 silly fetch manifest lru-cache@^10.0.1
104 silly placeDep node_modules/standard-changelog normalize-package-data@6.0.0 OK for: conventional-changelog-core@7.0.0 want: ^6.0.0
105 silly fetch manifest is-core-module@^2.8.1
106 silly fetch manifest semver@^7.3.5
107 silly fetch manifest validate-npm-package-license@^3.0.4
108 silly placeDep node_modules/standard-changelog read-pkg@8.1.0 OK for: conventional-changelog-core@7.0.0 want: ^8.0.0
109 silly fetch manifest @types/normalize-package-data@^2.4.1
110 silly fetch manifest parse-json@^7.0.0
111 silly fetch manifest type-fest@^4.2.0
112 silly placeDep node_modules/standard-changelog read-pkg-up@10.1.0 OK for: conventional-changelog-core@7.0.0 want: ^10.0.0
113 silly fetch manifest find-up@^6.3.0
114 http fetch GET 200 https://registry.npmjs.org/is-text-path 591ms (cache miss)
115 http fetch GET 200 https://registry.npmjs.org/json-stringify-safe 626ms (cache miss)
116 http fetch GET 200 https://registry.npmjs.org/is-core-module 626ms (cache miss)
117 http fetch GET 200 https://registry.npmjs.org/conventional-commits-filter 703ms (cache miss)
118 http fetch GET 200 https://registry.npmjs.org/split2 743ms (cache miss)
119 http fetch GET 200 https://registry.npmjs.org/dargs 735ms (cache miss)
120 http fetch GET 200 https://registry.npmjs.org/JSONStream 771ms (cache miss)
121 http fetch GET 200 https://registry.npmjs.org/@types%2fnormalize-package-data 752ms (cache miss)
122 http fetch GET 200 https://registry.npmjs.org/semver 762ms (cache miss)
123 http fetch GET 200 https://registry.npmjs.org/validate-npm-package-license 794ms (cache miss)
124 http fetch GET 200 https://registry.npmjs.org/find-up 769ms (cache miss)
125 http fetch GET 200 https://registry.npmjs.org/parse-json 801ms (cache miss)
126 http fetch GET 200 https://registry.npmjs.org/lru-cache 838ms (cache miss)
127 http fetch GET 200 https://registry.npmjs.org/semver 872ms (cache miss)
128 http fetch GET 200 https://registry.npmjs.org/handlebars 897ms (cache miss)
129 http fetch GET 200 https://registry.npmjs.org/type-fest 965ms (cache miss)
130 timing idealTree:node_modules/standard-changelog/node_modules/conventional-changelog-core Completed in 1052ms
131 timing idealTree:node_modules/standard-changelog/node_modules/@hutson/parse-repository-url Completed in 0ms
132 timing idealTree:node_modules/standard-changelog/node_modules/add-stream Completed in 0ms
133 silly placeDep node_modules/standard-changelog conventional-commits-filter@4.0.0 OK for: conventional-changelog-writer@7.0.1 want: ^4.0.0
134 silly placeDep node_modules/standard-changelog handlebars@4.7.8 OK for: conventional-changelog-writer@7.0.1 want: ^4.7.7
135 silly fetch manifest minimist@^1.2.5
136 silly fetch manifest neo-async@^2.6.2
137 silly fetch manifest source-map@^0.6.1
138 silly fetch manifest wordwrap@^1.0.0
139 silly fetch manifest uglify-js@^3.1.4
140 silly placeDep node_modules/standard-changelog json-stringify-safe@5.0.1 OK for: conventional-changelog-writer@7.0.1 want: ^5.0.1
141 silly placeDep node_modules/standard-changelog semver@7.6.0 OK for: conventional-changelog-writer@7.0.1 want: ^7.5.2
142 silly fetch manifest lru-cache@^6.0.0
143 silly placeDep node_modules/standard-changelog split2@4.2.0 OK for: conventional-changelog-writer@7.0.1 want: ^4.0.0
144 http fetch GET 200 https://registry.npmjs.org/wordwrap 260ms (cache miss)
145 http fetch GET 200 https://registry.npmjs.org/source-map 264ms (cache miss)
146 http fetch GET 200 https://registry.npmjs.org/minimist 285ms (cache miss)
147 http fetch GET 200 https://registry.npmjs.org/neo-async 298ms (cache miss)
148 http fetch GET 200 https://registry.npmjs.org/uglify-js 405ms (cache miss)
149 timing idealTree:node_modules/standard-changelog/node_modules/conventional-changelog-writer Completed in 419ms
150 timing idealTree:node_modules/standard-changelog/node_modules/conventional-commits-filter Completed in 0ms
151 silly placeDep node_modules/standard-changelog is-text-path@2.0.0 OK for: conventional-commits-parser@5.0.0 want: ^2.0.0
152 silly fetch manifest text-extensions@^2.0.0
153 silly placeDep node_modules/standard-changelog JSONStream@1.3.5 OK for: conventional-commits-parser@5.0.0 want: ^1.3.5
154 silly fetch manifest jsonparse@^1.2.0
155 silly fetch manifest through@>=2.2.7 <3
156 http fetch GET 200 https://registry.npmjs.org/text-extensions 80ms (cache miss)
157 http fetch GET 200 https://registry.npmjs.org/jsonparse 215ms (cache miss)
158 http fetch GET 200 https://registry.npmjs.org/through 216ms (cache miss)
159 timing idealTree:node_modules/standard-changelog/node_modules/conventional-commits-parser Completed in 223ms
160 silly placeDep node_modules/standard-changelog is-obj@2.0.0 OK for: dot-prop@5.3.0 want: ^2.0.0
161 timing idealTree:node_modules/standard-changelog/node_modules/dot-prop Completed in 3ms
162 silly placeDep node_modules/standard-changelog dargs@8.1.0 OK for: git-raw-commits@4.0.0 want: ^8.0.0
163 timing idealTree:node_modules/standard-changelog/node_modules/git-raw-commits Completed in 1ms
164 timing idealTree:node_modules/standard-changelog/node_modules/dargs Completed in 0ms
165 timing idealTree:node_modules/standard-changelog/node_modules/git-semver-tags Completed in 0ms
166 silly placeDep node_modules/standard-changelog minimist@1.2.8 OK for: handlebars@4.7.8 want: ^1.2.5
167 silly placeDep node_modules/standard-changelog neo-async@2.6.2 OK for: handlebars@4.7.8 want: ^2.6.2
168 silly placeDep node_modules/standard-changelog source-map@0.6.1 OK for: handlebars@4.7.8 want: ^0.6.1
169 silly placeDep node_modules/standard-changelog uglify-js@3.17.4 OK for: handlebars@4.7.8 want: ^3.1.4
170 silly placeDep node_modules/standard-changelog wordwrap@1.0.0 OK for: handlebars@4.7.8 want: ^1.0.0
171 timing idealTree:node_modules/standard-changelog/node_modules/handlebars Completed in 58ms
172 silly placeDep node_modules/standard-changelog lru-cache@10.2.0 OK for: hosted-git-info@7.0.1 want: ^10.0.1
173 timing idealTree:node_modules/standard-changelog/node_modules/hosted-git-info Completed in 2ms
174 timing idealTree:node_modules/standard-changelog/node_modules/is-obj Completed in 0ms
175 silly placeDep node_modules/standard-changelog text-extensions@2.4.0 OK for: is-text-path@2.0.0 want: ^2.0.0
176 timing idealTree:node_modules/standard-changelog/node_modules/is-text-path Completed in 1ms
177 timing idealTree:node_modules/standard-changelog/node_modules/json-stringify-safe Completed in 0ms
178 silly placeDep node_modules/standard-changelog jsonparse@1.3.1 OK for: JSONStream@1.3.5 want: ^1.2.0
179 silly placeDep node_modules/standard-changelog through@2.3.8 OK for: JSONStream@1.3.5 want: >=2.2.7 <3
180 timing idealTree:node_modules/standard-changelog/node_modules/JSONStream Completed in 3ms
181 timing idealTree:node_modules/standard-changelog/node_modules/jsonparse Completed in 0ms
182 timing idealTree:node_modules/standard-changelog/node_modules/lru-cache Completed in 0ms
183 timing idealTree:node_modules/standard-changelog/node_modules/meow Completed in 0ms
184 timing idealTree:node_modules/standard-changelog/node_modules/minimist Completed in 0ms
185 timing idealTree:node_modules/standard-changelog/node_modules/neo-async Completed in 0ms
186 silly placeDep node_modules/standard-changelog is-core-module@2.13.1 OK for: normalize-package-data@6.0.0 want: ^2.8.1
187 silly fetch manifest hasown@^2.0.0
188 silly placeDep node_modules/standard-changelog validate-npm-package-license@3.0.4 OK for: normalize-package-data@6.0.0 want: ^3.0.4
189 silly fetch manifest spdx-correct@^3.0.0
190 silly fetch manifest spdx-expression-parse@^3.0.0
191 http fetch GET 200 https://registry.npmjs.org/hasown 85ms (cache miss)
192 http fetch GET 200 https://registry.npmjs.org/spdx-expression-parse 148ms (cache miss)
193 http fetch GET 200 https://registry.npmjs.org/spdx-correct 149ms (cache miss)
194 timing idealTree:node_modules/standard-changelog/node_modules/normalize-package-data Completed in 161ms
195 silly placeDep node_modules/standard-changelog hasown@2.0.1 OK for: is-core-module@2.13.1 want: ^2.0.0
196 silly fetch manifest function-bind@^1.1.2
197 http fetch GET 200 https://registry.npmjs.org/function-bind 121ms (cache miss)
198 timing idealTree:node_modules/standard-changelog/node_modules/is-core-module Completed in 125ms
199 silly placeDep node_modules/standard-changelog function-bind@1.1.2 OK for: hasown@2.0.1 want: ^1.1.2
200 timing idealTree:node_modules/standard-changelog/node_modules/hasown Completed in 2ms
201 timing idealTree:node_modules/standard-changelog/node_modules/function-bind Completed in 0ms
202 timing idealTree:node_modules/standard-changelog/node_modules/picocolors Completed in 0ms
203 silly placeDep node_modules/standard-changelog @types/normalize-package-data@2.4.4 OK for: read-pkg@8.1.0 want: ^2.4.1
204 silly placeDep node_modules/standard-changelog parse-json@7.1.1 OK for: read-pkg@8.1.0 want: ^7.0.0
205 silly fetch manifest @babel/code-frame@^7.21.4
206 silly fetch manifest error-ex@^1.3.2
207 silly fetch manifest json-parse-even-better-errors@^3.0.0
208 silly fetch manifest lines-and-columns@^2.0.3
209 silly fetch manifest type-fest@^3.8.0
210 silly placeDep node_modules/standard-changelog type-fest@4.11.0 OK for: read-pkg@8.1.0 want: ^4.2.0
211 http fetch GET 200 https://registry.npmjs.org/error-ex 183ms (cache miss)
212 http fetch GET 200 https://registry.npmjs.org/json-parse-even-better-errors 320ms (cache miss)
213 http fetch GET 200 https://registry.npmjs.org/lines-and-columns 368ms (cache miss)
214 http fetch GET 200 https://registry.npmjs.org/@babel%2fcode-frame 388ms (cache miss)
215 timing idealTree:node_modules/standard-changelog/node_modules/read-pkg Completed in 427ms
216 timing idealTree:node_modules/standard-changelog/node_modules/@types/normalize-package-data Completed in 2ms
217 silly placeDep node_modules/standard-changelog @babel/code-frame@7.23.5 OK for: parse-json@7.1.1 want: ^7.21.4
218 silly fetch manifest @babel/highlight@^7.23.4
219 silly fetch manifest chalk@^2.4.2
220 silly placeDep node_modules/standard-changelog error-ex@1.3.2 OK for: parse-json@7.1.1 want: ^1.3.2
221 silly fetch manifest is-arrayish@^0.2.1
222 silly placeDep node_modules/standard-changelog json-parse-even-better-errors@3.0.1 OK for: parse-json@7.1.1 want: ^3.0.0
223 silly placeDep node_modules/standard-changelog lines-and-columns@2.0.4 OK for: parse-json@7.1.1 want: ^2.0.3
224 silly placeDep node_modules/standard-changelog/node_modules/parse-json type-fest@3.13.1 OK for: parse-json@7.1.1 want: ^3.8.0
225 http fetch GET 200 https://registry.npmjs.org/is-arrayish 908ms (cache miss)
226 http fetch GET 200 https://registry.npmjs.org/chalk 911ms (cache miss)
227 http fetch GET 200 https://registry.npmjs.org/@babel%2fhighlight 948ms (cache miss)
228 timing idealTree:node_modules/standard-changelog/node_modules/parse-json Completed in 978ms
229 silly placeDep node_modules/standard-changelog @babel/highlight@7.23.4 OK for: @babel/code-frame@7.23.5 want: ^7.23.4
230 silly fetch manifest @babel/helper-validator-identifier@^7.22.20
231 silly fetch manifest js-tokens@^4.0.0
232 silly placeDep node_modules/standard-changelog chalk@2.4.2 OK for: @babel/code-frame@7.23.5 want: ^2.4.2
233 silly fetch manifest ansi-styles@^3.2.1
234 silly fetch manifest escape-string-regexp@^1.0.5
235 silly fetch manifest supports-color@^5.3.0
236 http fetch GET 200 https://registry.npmjs.org/js-tokens 383ms (cache miss)
237 http fetch GET 200 https://registry.npmjs.org/escape-string-regexp 383ms (cache miss)
238 http fetch GET 200 https://registry.npmjs.org/supports-color 452ms (cache miss)
239 http fetch GET 200 https://registry.npmjs.org/ansi-styles 569ms (cache miss)
240 http fetch GET 200 https://registry.npmjs.org/@babel%2fhelper-validator-identifier 671ms (cache miss)
241 timing idealTree:node_modules/standard-changelog/node_modules/@babel/code-frame Completed in 675ms
242 silly placeDep node_modules/standard-changelog @babel/helper-validator-identifier@7.22.20 OK for: @babel/highlight@7.23.4 want: ^7.22.20
243 silly placeDep node_modules/standard-changelog js-tokens@4.0.0 OK for: @babel/highlight@7.23.4 want: ^4.0.0
244 timing idealTree:node_modules/standard-changelog/node_modules/@babel/highlight Completed in 23ms
245 timing idealTree:node_modules/standard-changelog/node_modules/@babel/helper-validator-identifier Completed in 0ms
246 silly placeDep node_modules/standard-changelog ansi-styles@3.2.1 OK for: chalk@2.4.2 want: ^3.2.1
247 silly fetch manifest color-convert@^1.9.0
248 silly placeDep node_modules/standard-changelog escape-string-regexp@1.0.5 OK for: chalk@2.4.2 want: ^1.0.5
249 silly placeDep node_modules/standard-changelog supports-color@5.5.0 OK for: chalk@2.4.2 want: ^5.3.0
250 silly fetch manifest has-flag@^3.0.0
251 http fetch GET 200 https://registry.npmjs.org/color-convert 183ms (cache miss)
252 http fetch GET 200 https://registry.npmjs.org/has-flag 208ms (cache miss)
253 timing idealTree:node_modules/standard-changelog/node_modules/chalk Completed in 237ms
254 silly placeDep node_modules/standard-changelog color-convert@1.9.3 OK for: ansi-styles@3.2.1 want: ^1.9.0
255 silly fetch manifest color-name@1.1.3
256 http fetch GET 200 https://registry.npmjs.org/color-name 387ms (cache miss)
257 timing idealTree:node_modules/standard-changelog/node_modules/ansi-styles Completed in 391ms
258 silly placeDep node_modules/standard-changelog color-name@1.1.3 OK for: color-convert@1.9.3 want: 1.1.3
259 timing idealTree:node_modules/standard-changelog/node_modules/color-convert Completed in 2ms
260 timing idealTree:node_modules/standard-changelog/node_modules/color-name Completed in 0ms
261 silly placeDep node_modules/standard-changelog is-arrayish@0.2.1 OK for: error-ex@1.3.2 want: ^0.2.1
262 timing idealTree:node_modules/standard-changelog/node_modules/error-ex Completed in 2ms
263 timing idealTree:node_modules/standard-changelog/node_modules/escape-string-regexp Completed in 0ms
264 timing idealTree:node_modules/standard-changelog/node_modules/is-arrayish Completed in 0ms
265 timing idealTree:node_modules/standard-changelog/node_modules/js-tokens Completed in 0ms
266 timing idealTree:node_modules/standard-changelog/node_modules/json-parse-even-better-errors Completed in 0ms
267 timing idealTree:node_modules/standard-changelog/node_modules/lines-and-columns Completed in 0ms
268 silly placeDep node_modules/standard-changelog find-up@6.3.0 OK for: read-pkg-up@10.1.0 want: ^6.3.0
269 silly fetch manifest locate-path@^7.1.0
270 silly fetch manifest path-exists@^5.0.0
271 http fetch GET 200 https://registry.npmjs.org/path-exists 586ms (cache miss)
272 http fetch GET 200 https://registry.npmjs.org/locate-path 588ms (cache miss)
273 timing idealTree:node_modules/standard-changelog/node_modules/read-pkg-up Completed in 590ms
274 silly placeDep node_modules/standard-changelog locate-path@7.2.0 OK for: find-up@6.3.0 want: ^7.1.0
275 silly fetch manifest p-locate@^6.0.0
276 silly placeDep node_modules/standard-changelog path-exists@5.0.0 OK for: find-up@6.3.0 want: ^5.0.0
277 http fetch GET 200 https://registry.npmjs.org/p-locate 138ms (cache miss)
278 timing idealTree:node_modules/standard-changelog/node_modules/find-up Completed in 142ms
279 silly placeDep node_modules/standard-changelog p-locate@6.0.0 OK for: locate-path@7.2.0 want: ^6.0.0
280 silly fetch manifest p-limit@^4.0.0
281 http fetch GET 200 https://registry.npmjs.org/p-limit 71ms (cache miss)
282 timing idealTree:node_modules/standard-changelog/node_modules/locate-path Completed in 74ms
283 silly placeDep node_modules/standard-changelog p-limit@4.0.0 OK for: p-locate@6.0.0 want: ^4.0.0
284 silly fetch manifest yocto-queue@^1.0.0
285 http fetch GET 200 https://registry.npmjs.org/yocto-queue 64ms (cache miss)
286 timing idealTree:node_modules/standard-changelog/node_modules/p-locate Completed in 67ms
287 silly placeDep node_modules/standard-changelog yocto-queue@1.0.0 OK for: p-limit@4.0.0 want: ^1.0.0
288 timing idealTree:node_modules/standard-changelog/node_modules/p-limit Completed in 17ms
289 timing idealTree:node_modules/standard-changelog/node_modules/path-exists Completed in 0ms
290 silly placeDep node_modules/standard-changelog/node_modules/semver lru-cache@6.0.0 OK for: semver@7.6.0 want: ^6.0.0
291 silly fetch manifest yallist@^4.0.0
292 http fetch GET 200 https://registry.npmjs.org/yallist 97ms (cache miss)
293 timing idealTree:node_modules/standard-changelog/node_modules/semver Completed in 102ms
294 timing idealTree:node_modules/standard-changelog/node_modules/source-map Completed in 0ms
295 timing idealTree:node_modules/standard-changelog/node_modules/split2 Completed in 0ms
296 silly placeDep node_modules/standard-changelog has-flag@3.0.0 OK for: supports-color@5.5.0 want: ^3.0.0
297 timing idealTree:node_modules/standard-changelog/node_modules/supports-color Completed in 4ms
298 timing idealTree:node_modules/standard-changelog/node_modules/has-flag Completed in 0ms
299 timing idealTree:node_modules/standard-changelog/node_modules/text-extensions Completed in 0ms
300 timing idealTree:node_modules/standard-changelog/node_modules/through Completed in 0ms
301 timing idealTree:node_modules/standard-changelog/node_modules/type-fest Completed in 0ms
302 timing idealTree:node_modules/standard-changelog/node_modules/uglify-js Completed in 0ms
303 silly placeDep node_modules/standard-changelog spdx-correct@3.2.0 OK for: validate-npm-package-license@3.0.4 want: ^3.0.0
304 silly fetch manifest spdx-license-ids@^3.0.0
305 silly placeDep node_modules/standard-changelog spdx-expression-parse@3.0.1 OK for: validate-npm-package-license@3.0.4 want: ^3.0.0
306 silly fetch manifest spdx-exceptions@^2.1.0
307 http fetch GET 200 https://registry.npmjs.org/spdx-license-ids 88ms (cache miss)
308 http fetch GET 200 https://registry.npmjs.org/spdx-exceptions 132ms (cache miss)
309 timing idealTree:node_modules/standard-changelog/node_modules/validate-npm-package-license Completed in 142ms
310 silly placeDep node_modules/standard-changelog spdx-license-ids@3.0.17 OK for: spdx-correct@3.2.0 want: ^3.0.0
311 timing idealTree:node_modules/standard-changelog/node_modules/spdx-correct Completed in 2ms
312 silly placeDep node_modules/standard-changelog spdx-exceptions@2.5.0 OK for: spdx-expression-parse@3.0.1 want: ^2.1.0
313 timing idealTree:node_modules/standard-changelog/node_modules/spdx-expression-parse Completed in 2ms
314 timing idealTree:node_modules/standard-changelog/node_modules/spdx-exceptions Completed in 0ms
315 timing idealTree:node_modules/standard-changelog/node_modules/spdx-license-ids Completed in 0ms
316 timing idealTree:node_modules/standard-changelog/node_modules/wordwrap Completed in 0ms
317 timing idealTree:node_modules/standard-changelog/node_modules/yocto-queue Completed in 0ms
318 timing idealTree:node_modules/standard-changelog/node_modules/parse-json/node_modules/type-fest Completed in 0ms
319 silly placeDep node_modules/standard-changelog yallist@4.0.0 OK for: lru-cache@6.0.0 want: ^4.0.0
320 timing idealTree:node_modules/standard-changelog/node_modules/semver/node_modules/lru-cache Completed in 15ms
321 timing idealTree:node_modules/standard-changelog/node_modules/yallist Completed in 0ms
322 timing idealTree:buildDeps Completed in 10055ms
323 timing idealTree:fixDepFlags Completed in 2ms
324 timing idealTree Completed in 10087ms
325 timing reify:loadTrees Completed in 10092ms
326 timing reify:diffTrees Completed in 5ms
327 silly reify moves {}
328 timing reify:retireShallow Completed in 1ms
329 timing reify:rollback:createSparse Completed in 0ms
330 timing reify:rollback:retireShallow Completed in 0ms
331 timing command:install Completed in 10303ms
332 notice
332 notice New [33mminor[39m version of npm available! [31m10.2.3[39m -> [32m10.5.0[39m
332 notice Changelog: [36mhttps://github.com/npm/cli/releases/tag/v10.5.0[39m
332 notice Run [32mnpm install -g npm@10.5.0[39m to update!
332 notice
333 verbose stack Error: EACCES: permission denied, mkdir '/usr/local/lib/node_modules'
334 verbose cwd /home/srgubayjdullina
335 verbose Linux 6.7.5-200.fc39.x86_64
336 verbose node v20.10.0
337 verbose npm  v10.2.3
338 error code EACCES
339 error syscall mkdir
340 error path /usr/local/lib/node_modules
341 error errno -13
342 error [Error: EACCES: permission denied, mkdir '/usr/local/lib/node_modules'] {
342 error   errno: -13,
342 error   code: 'EACCES',
342 error   syscall: 'mkdir',
342 error   path: '/usr/local/lib/node_modules'
342 error }
343 error
343 error The operation was rejected by your operating system.
343 error It is likely you do not have the permissions to access this file as the current user
343 error
343 error If you believe this might be a permissions issue, please double-check the
343 error permissions of the file and its containing directories, or try running
343 error the command again as root/Administrator.
344 verbose exit -13
345 timing npm Completed in 10979ms
346 verbose unfinished npm timer reify 1709573821120
347 verbose unfinished npm timer reify:createSparse 1709573831375
348 verbose code -13
349 error A complete log of this run can be found in: /home/srgubayjdullina/.npm/_logs/2024-03-04T17_37_00_450Z-debug-0.log
